C51 COMPILER V9.01   ANGLE                                                                 05/18/2020 22:06:45 PAGE 1   


C51 COMPILER V9.01, COMPILATION OF MODULE ANGLE
OBJECT MODULE PLACED IN .\Out_File\Angle.obj
COMPILER INVOKED BY: D:\KEIL 4\C51\BIN\C51.EXE ..\Libraries\Control\Angle.c LARGE BROWSE MODP2 INCDIR(..\Libraries\libra
                    -ries;..\Libraries\seekfree_libraries;..\Libraries\seekfree_peripheral;..\USER\inc;..\USER\src;..\Libraries\Control) DEBU
                    -G OBJECTEXTEND PRINT(.\Out_File\Angle.lst) OBJECT(.\Out_File\Angle.obj)

line level    source

   1          /*********************************************************************************************************
             -************
   2           * COPYRIGHT NOTICE
   3           * Copyright (c) 2020,逐飞科技
   4           * All rights reserved.
   5           *
   6           * 以下所有内容版权均属逐飞科技所有，未经允许不得用于商业用途，
   7           * 欢迎各位使用并传播本程序，修改内容时必须保留逐飞科技的版权声明。
   8           *
   9           * @file                angle
  10           *********************************************************************************************************
             -***********/
  11          
  12          void AngleCalculate(void) {
  13   1      
  14   1                      float fDeltaValue;
  15   1                      float g_fGravityAngle;
  16   1      
  17   1                      g_fGravityAngle = (VOLTAGE_GRAVITY - GRAVITY_OFFSET) *GRAVITY_ANGLE_RATIO;              //（采集到的数据-Z轴偏移量)
             -*归一化
*** ERROR C202 IN LINE 17 OF ..\LIBRARIES\CONTROL\ANGLE.C: 'VOLTAGE_GRAVITY': undefined identifier
  18   1      
  19   1                      // g_fGravityAngle = 0;
  20   1      
  21   1                      g_fGyroscopeAngleSpeed = (VOLTAGE_GYRO - GYROSCOPE_OFFSET) *GYROSCOPE_ANGLE_RATIO;       //同上
*** ERROR C202 IN LINE 21 OF ..\LIBRARIES\CONTROL\ANGLE.C: 'g_fGyroscopeAngleSpeed': undefined identifier
  22   1      
  23   1                      g_fCarAngle = g_fGyroscopeAngleIntegral;
*** ERROR C202 IN LINE 23 OF ..\LIBRARIES\CONTROL\ANGLE.C: 'g_fCarAngle': undefined identifier
  24   1                      fDeltaValue = (g_fGravityAngle - g_fCarAngle) /GRAVITY_ADJUST_TIME_CONSTANT;    //
*** ERROR C202 IN LINE 24 OF ..\LIBRARIES\CONTROL\ANGLE.C: 'g_fCarAngle': undefined identifier
  25   1      
  26   1                      g_fGyroscopeAngleIntegral += (g_fGyroscopeAngleSpeed + fDeltaValue) /GYROSCOPE_ANGLE_SIGMA_FREQUENCY;
*** ERROR C202 IN LINE 26 OF ..\LIBRARIES\CONTROL\ANGLE.C: 'g_fGyroscopeAngleIntegral': undefined identifier
  27   1      }
  28          
  29          void AngleControl(void) {
  30   1      
  31   1                      float fValue;
  32   1      
  33   1                      fValue = (CAR_ANGLE_SET - g_fCarAngle) * ANGLE_CONTROL_P +
*** ERROR C202 IN LINE 33 OF ..\LIBRARIES\CONTROL\ANGLE.C: 'CAR_ANGLE_SET': undefined identifier
  34   1                                       (CAR_ANGLE_SPEED_SET - g_fGyroscopeAngleSpeed) *ANGLE_CONTROL_D;
  35   1      
  36   1      
  37   1                      if(fValue > ANGLE_CONTROL_OUT_MAX)              //输出限幅
*** ERROR C202 IN LINE 37 OF ..\LIBRARIES\CONTROL\ANGLE.C: 'ANGLE_CONTROL_OUT_MAX': undefined identifier
  38   1                      fValue = ANGLE_CONTROL_OUT_MAX;
*** ERROR C202 IN LINE 38 OF ..\LIBRARIES\CONTROL\ANGLE.C: 'ANGLE_CONTROL_OUT_MAX': undefined identifier
  39   1      
  40   1                      else if(fValue < ANGLE_CONTROL_OUT_MIN)
*** ERROR C202 IN LINE 40 OF ..\LIBRARIES\CONTROL\ANGLE.C: 'ANGLE_CONTROL_OUT_MIN': undefined identifier
  41   1                      fValue = ANGLE_CONTROL_OUT_MIN;
C51 COMPILER V9.01   ANGLE                                                                 05/18/2020 22:06:45 PAGE 2   

*** ERROR C202 IN LINE 41 OF ..\LIBRARIES\CONTROL\ANGLE.C: 'ANGLE_CONTROL_OUT_MIN': undefined identifier
  42   1      
  43   1                      g_fAngleControlOut = fValue;
*** ERROR C202 IN LINE 43 OF ..\LIBRARIES\CONTROL\ANGLE.C: 'g_fAngleControlOut': undefined identifier
  44   1      }

C51 COMPILATION COMPLETE.  0 WARNING(S),  11 ERROR(S)
