C51 COMPILER V9.60.0.0   KEY                                                               08/05/2020 22:00:16 PAGE 1   


C51 COMPILER V9.60.0.0, COMPILATION OF MODULE KEY
OBJECT MODULE PLACED IN .\Out_File\key.obj
COMPILER INVOKED BY: D:\keil_v5\C51\BIN\C51.EXE ..\Libraries\seekfree_libraries\key.c LARGE OPTIMIZE(8,SPEED) BROWSE MOD
                    -P2 INCDIR(..\Libraries\libraries;..\Libraries\seekfree_libraries;..\Libraries\seekfree_peripheral;..\USER\inc;..\USER\sr
                    -c;..\Libraries\Control) DEBUG OBJECTEXTEND PRINT(.\Out_File\key.lst) TABS(2) OBJECT(.\Out_File\key.obj)

line level    source

   1          #include "key.h"
   2          
   3          
   4          //**************************************************
   5          // 定义 KEY 编号对应的管脚
   6          //**************************************************
   7          PTXn_e KEY_PTxn[KEY_MAX] = {P3_2, P3_3,P5_0,P5_1,P4_0};   //需要根据pcb添加或删减地址
   8          
   9          
  10          //******************************************************************
  11          //   @brief      初始化key端口(key 小于 KEY_MAX 时初始化 对应端口，否则初始化全部端口)
  12          //   @param      KEY_e    KEY编号
  13          //   @since      v5.0
  14          //   Sample usage:       key_init (KEY_U);    //初始化 KEY_U
  15          //****************************************************************** 
  16          void key_init(KEY_e key)
  17          {
  18   1          if(key < KEY_MAX)
  19   1          {
  20   2             gpio_mode(KEY_PTxn[key],GPO_PP);        //初始化按键，选择推挽式
  21   2          }
  22   1          else
  23   1          {
  24   2              key = KEY_MAX;
  25   2      
  26   2              //初始化全部 按键
  27   2              while(key--)
  28   2              {
  29   3                  gpio_mode(KEY_PTxn[key],GPO_PP);
  30   3              }
  31   2      
  32   2          }
  33   1      }
  34          
  35          //*******************************************
  36          //  @brief      获取key状态（不带延时消抖）
  37          //  @param      KEY_e           KEY编号
  38          //  @return     KEY_STATUS_e    KEY状态（KEY_DOWN、KEY_DOWN）
  39          //  @since      v5.0
  40          //  Sample usage:
  41          /*                    if(key_get(KEY_U) ==  KEY_DOWN)
  42                              {
  43                                  printf("\n按键按下")
  44                              }
  45           */
  46          //*******************************************
  47          KEY_STATUS_e key_get(KEY_e key)
  48          {
  49   1          if(KEY_PTxn[key] == KEY_DOWN)
  50   1          {
  51   2              return KEY_DOWN;
  52   2          }
  53   1          return KEY_UP;
C51 COMPILER V9.60.0.0   KEY                                                               08/05/2020 22:00:16 PAGE 2   

  54   1      }
  55          
  56          
  57          
  58          //*******************************************
  59          //  @brief      获取key状态（带延时消抖）
  60          //  @param      KEY_e           KEY编号
  61          //  @return     KEY_STATUS_e    KEY状态（KEY_DOWN、KEY_DOWN）
  62          //  @since      v5.0
  63          //  Sample usage:
  64          /*                    if(key_get(KEY_U) ==  KEY_DOWN)
  65                              {
  66                                  printf("\n按键按下")
  67                              }
  68           */
  69          //*******************************************
  70          KEY_STATUS_e key_check(KEY_e key)
  71          {
  72   1          if(key_get(key) == KEY_DOWN)
  73   1          {
  74   2              pca_delay_ms(10);
  75   2              if( key_get(key) == KEY_DOWN)
  76   2              {
  77   3                  return KEY_DOWN;
  78   3              }
  79   2          }
  80   1          return KEY_UP;
  81   1      }


MODULE INFORMATION:   STATIC OVERLAYABLE
   CODE SIZE        =    118    ----
   CONSTANT SIZE    =   ----    ----
   XDATA SIZE       =      7       2
   PDATA SIZE       =   ----    ----
   DATA SIZE        =   ----    ----
   IDATA SIZE       =   ----    ----
   BIT SIZE         =   ----    ----
END OF MODULE INFORMATION.


C51 COMPILATION COMPLETE.  0 WARNING(S),  0 ERROR(S)
