C51 COMPILER V9.60.0.0   MAIN                                                              08/05/2020 22:00:20 PAGE 1   


C51 COMPILER V9.60.0.0, COMPILATION OF MODULE MAIN
OBJECT MODULE PLACED IN .\Out_File\main.obj
COMPILER INVOKED BY: D:\keil_v5\C51\BIN\C51.EXE ..\USER\src\main.c LARGE OPTIMIZE(8,SPEED) BROWSE MODP2 INCDIR(..\Librar
                    -ies\libraries;..\Libraries\seekfree_libraries;..\Libraries\seekfree_peripheral;..\USER\inc;..\USER\src;..\Libraries\Cont
                    -rol) DEBUG OBJECTEXTEND PRINT(.\Out_File\main.lst) TABS(2) OBJECT(.\Out_File\main.obj)

line level    source

   1          /*********************************************************************************************************
             -************
   2           * COPYRIGHT NOTICE
   3           * Copyright (c) 2020,逐飞科技
   4           * All rights reserved.
   5           * @file          main
   6           * note       破浪
   7           *********************************************************************************************************
             -***********/
   8          
   9          /****************声明头文件********************/
  10          
  11          #include "headfile.h"
  12          
  13          
  14          /****************参数声明********************/
  15          uint8 CONTROL_PERIOD = 5 ;
  16          int stop_flag=0;
  17          int g_n1MSEventCount = 0;
  18                int g_nSpeedControlCount;
  19                int g_nDirectionControlCount;
  20          /**********直立控制*****************/
  21          
  22          
  23          void main()
  24          {   
  25   1        
  26   1        
  27   1          if(1)     //充电完成
  28   1          { 
  29   2            int star_flag=1;
  30   2            
  31   2            DisableGlobalIRQ();     //关闭总中断                  
  32   2            all_init();
  33   2      
  34   2      
  35   2          //中断 1ms        定时器0中断
  36   2            TMOD = 0x00;
  37   2            TH0 = 0xf8;
  38   2            TL0 = 0x30;
  39   2            TR0 = 1;
  40   2            ET0 = 1;
  41   2                                
  42   2            TH1 = 0xD8;         //定时器1中断，中断5ms
  43   2            TL1 = 0xF0;
  44   2            TR1 = 1;
  45   2            ET1 = 1;
  46   2            
  47   2            EnableGlobalIRQ();        //开总中断
  48   2            
  49   2            
  50   2            while(1)
  51   2            {
C51 COMPILER V9.60.0.0   MAIN                                                              08/05/2020 22:00:20 PAGE 2   

  52   3              oled_view();
  53   3              OutPut_Vcan();
  54   3              
  55   3              
  56   3              
  57   3            }
  58   2           }
  59   1        }
  60          
  61          
  62          void TM0_Rountine(void)   interrupt 1      //1ms的中断   5ms一周期       （定时器0中断）
  63          {     
  64   1      
  65   1            
  66   1        
  67   1            if (g_n1MSEventCount >= CONTROL_PERIOD) {
  68   2              g_n1MSEventCount = 0;
  69   2              GetMotorPulse();   //读取两个电极脉冲计数值（测速）          
  70   2            }
  71   1            else if (g_n1MSEventCount == 1) {  //读取电感值（为直立、方向做准备）
  72   2            Rd_Ad_Value();
  73   2            
  74   2              } 
  75   1            else if(g_n1MSEventCount == 2) {               //直立类算法
  76   2              AngleCalculate();
  77   2              AngleControl();
  78   2              MotorOutput();
  79   2            } 
  80   1            else if (g_n1MSEventCount == 3) {             //速度类算法
  81   2            g_nSpeedControlCount ++;
  82   2            SpeedControlOutput();     
  83   2            if(g_nSpeedControlCount >= SPEED_CONTROL_COUNT) {
  84   3            SpeedControl();   //100ms
  85   3            g_nSpeedControlCount = 0;
  86   3              }
  87   2            } 
  88   1            else if (g_n1MSEventCount == 4) {                //方向类算法
  89   2            g_nDirectionControlCount ++;
  90   2            get_AD_Date();          //获取电感的数值
  91   2            DirectionControlOutput();   
  92   2            if(g_nDirectionControlCount >= DIRECTION_CONTROL_COUNT) {
  93   3              DirectionControl();   //10ms
  94   3              g_nDirectionControlCount = 0;
  95   3                  }
  96   2                }
  97   1            g_n1MSEventCount++ ;
  98   1      }                             
  99          
 100          
 101          void TM1_Rountine(void) interrupt 3       //定时5ms
 102            {
 103   1             
 104   1          chuku();
 105   1          round_judge();
 106   1            zebra_judge();          
 107   1          distance();
 108   1          stop_car();
 109   1          
 110   1          
 111   1      }


C51 COMPILER V9.60.0.0   MAIN                                                              08/05/2020 22:00:20 PAGE 3   

MODULE INFORMATION:   STATIC OVERLAYABLE
   CODE SIZE        =    404    ----
   CONSTANT SIZE    =   ----    ----
   XDATA SIZE       =     11       2
   PDATA SIZE       =   ----    ----
   DATA SIZE        =   ----    ----
   IDATA SIZE       =   ----    ----
   BIT SIZE         =   ----    ----
END OF MODULE INFORMATION.


C51 COMPILATION COMPLETE.  0 WARNING(S),  0 ERROR(S)
