C51 COMPILER V9.60.0.0   SEEKFREE_WIRELESS                                                 08/05/2020 22:00:19 PAGE 1   


C51 COMPILER V9.60.0.0, COMPILATION OF MODULE SEEKFREE_WIRELESS
OBJECT MODULE PLACED IN .\Out_File\SEEKFREE_WIRELESS.obj
COMPILER INVOKED BY: D:\keil_v5\C51\BIN\C51.EXE ..\Libraries\seekfree_peripheral\SEEKFREE_WIRELESS.c LARGE OPTIMIZE(8,SP
                    -EED) BROWSE MODP2 INCDIR(..\Libraries\libraries;..\Libraries\seekfree_libraries;..\Libraries\seekfree_peripheral;..\USER
                    -\inc;..\USER\src;..\Libraries\Control) DEBUG OBJECTEXTEND PRINT(.\Out_File\SEEKFREE_WIRELESS.lst) TABS(2) OBJECT(.\Out_F
                    -ile\SEEKFREE_WIRELESS.obj)

line level    source

   1          /*********************************************************************************************************
             -************
   2           * COPYRIGHT NOTICE
   3           * Copyright (c) 2018,ɿƼ
   4           * All rights reserved.
   5           * QQȺһȺ179029047()  Ⱥ244861897
   6           *
   7           * ݰȨɿƼУδҵ;
   8           * ӭλʹò޸ʱ뱣ɿƼİȨ
   9           *
  10           * @file          ɿƼתģ
  11           * @company       ɶɿƼ޹˾
  12           * @author        ɿƼ(QQ3184284598)
  13           * @version       鿴docversionļ 汾˵
  14           * @Software    IAR 8.3 or MDK 5.24
  15           * @Taobao      https://seekfree.taobao.com/
  16           * @date          2019-03-27
  17           * @note    
  18                    ߶壺
  19                    ------------------------------------ 
  20                        ת       Ƭ                        
  21                        RX              鿴SEEKFREE_WIRELESS.hļеWIRELESS_UART_TX궨
  22                        TX              鿴SEEKFREE_WIRELESS.hļеWIRELESS_UART_RX궨
  23                        RTS             鿴SEEKFREE_WIRELESS.hļеRTS_PIN궨
  24                        CMD             鿴SEEKFREE_WIRELESS.hļеCMD_PIN궨
  25                    ------------------------------------ 
  26           *********************************************************************************************************
             -***********/
  27          
  28          
  29          #include "SEEKFREE_WIRELESS.h"
  30          #include "zf_uart.h"
  31          
  32          
  33          
  34          
  35          
  36          //--------------------------------------------------------------------------------------------------------
             ------------
  37          //  @brief      תģʼ
  38          //  @param      NULL
  39          //  @return     void          
  40          //  @since      v1.0
  41          //  Sample usage: 
  42          //  @note       
  43          //--------------------------------------------------------------------------------------------------------
             ------------
  44          void seekfree_wireless_init(void)
  45          {
  46   1          //ʹõĲΪ115200ΪתģĬϲʣģ鲢޸ĴڵĲ
             -
  47   1      
C51 COMPILER V9.60.0.0   SEEKFREE_WIRELESS                                                 08/05/2020 22:00:19 PAGE 2   

  48   1        uart_init(WIRELESS_UART, WIRELESS_UART_RX_PIN, WIRELESS_UART_TX_PIN, WIRELESS_UART_BAUD, WIRELESS_UART_TI
             -M);  //ʼ      
  49   1          
  50   1      }
  51          
  52          //--------------------------------------------------------------------------------------------------------
             ------------
  53          //  @brief      תģ ͺ
  54          //  @param      buff        Ҫ͵ݵַ
  55          //  @param      len         ͳ
  56          //  @return     uint32      ʣδ͵ֽ   
  57          //  @since      v1.0
  58          //  Sample usage: 
  59          //  @note       
  60          //--------------------------------------------------------------------------------------------------------
             ------------
  61          uint32 seekfree_wireless_send_buff(uint8 *buff, uint32 len)
  62          {
  63   1          while(len>30)
  64   1          {
  65   2              if(RTS_PIN == 1)  
  66   2              {
  67   3                  return len;//ģæ,ǰʹwhileȴ ʹúע͵whileȴ滻if
             -
  68   3              }
  69   2              //while(RTS_PIN);  //RTSΪ͵ƽ
  70   2              uart_putbuff(WIRELESS_UART,buff,30);
  71   2      
  72   2              buff += 30; //ַƫ
  73   2              len -= 30;//
  74   2          }
  75   1          
  76   1          if(RTS_PIN == 1)  
  77   1          {
  78   2              return len;//ģæ,ǰʹwhileȴ ʹúע͵whileȴ滻if
  79   2          }
  80   1          //while(RTS_PIN);  //RTSΪ͵ƽ
  81   1          uart_putbuff(WIRELESS_UART,buff,len);//
  82   1          
  83   1          return 0;
  84   1      }
  85          
  86          


MODULE INFORMATION:   STATIC OVERLAYABLE
   CODE SIZE        =    197    ----
   CONSTANT SIZE    =   ----    ----
   XDATA SIZE       =   ----       7
   PDATA SIZE       =   ----    ----
   DATA SIZE        =   ----    ----
   IDATA SIZE       =   ----    ----
   BIT SIZE         =   ----    ----
END OF MODULE INFORMATION.


C51 COMPILATION COMPLETE.  0 WARNING(S),  0 ERROR(S)
